  mecha.cpp
c:\users\dotlaptop\desktop\cpp myrepos\cpp_programming\cpp_programming\mecha.cpp(224): error C2039: 'leftHandCost': is not a member of 'Mecha'
  c:\users\dotlaptop\desktop\cpp myrepos\cpp_programming\cpp_programming\mecha.h(8): note: see declaration of 'Mecha'
c:\users\dotlaptop\desktop\cpp myrepos\cpp_programming\cpp_programming\mecha.cpp(233): error C2039: 'get_leftHand_weapon': is not a member of 'Mecha'
  c:\users\dotlaptop\desktop\cpp myrepos\cpp_programming\cpp_programming\mecha.h(8): note: see declaration of 'Mecha'
c:\users\dotlaptop\desktop\cpp myrepos\cpp_programming\cpp_programming\mecha.cpp(236): error C2039: 'leftHandCost': is not a member of 'Mecha'
  c:\users\dotlaptop\desktop\cpp myrepos\cpp_programming\cpp_programming\mecha.h(8): note: see declaration of 'Mecha'
c:\users\dotlaptop\desktop\cpp myrepos\cpp_programming\cpp_programming\mecha.cpp(242): error C2039: 'leftHandDMG': is not a member of 'Mecha'
  c:\users\dotlaptop\desktop\cpp myrepos\cpp_programming\cpp_programming\mecha.h(8): note: see declaration of 'Mecha'
c:\users\dotlaptop\desktop\cpp myrepos\cpp_programming\cpp_programming\mecha.cpp(251): error C2039: 'rightHandCost': is not a member of 'Mecha'
  c:\users\dotlaptop\desktop\cpp myrepos\cpp_programming\cpp_programming\mecha.h(8): note: see declaration of 'Mecha'
c:\users\dotlaptop\desktop\cpp myrepos\cpp_programming\cpp_programming\mecha.cpp(260): error C2039: 'get_rightHand_weapon': is not a member of 'Mecha'
  c:\users\dotlaptop\desktop\cpp myrepos\cpp_programming\cpp_programming\mecha.h(8): note: see declaration of 'Mecha'
c:\users\dotlaptop\desktop\cpp myrepos\cpp_programming\cpp_programming\mecha.cpp(263): error C2039: 'rightHandCost': is not a member of 'Mecha'
  c:\users\dotlaptop\desktop\cpp myrepos\cpp_programming\cpp_programming\mecha.h(8): note: see declaration of 'Mecha'
c:\users\dotlaptop\desktop\cpp myrepos\cpp_programming\cpp_programming\mecha.cpp(269): error C2039: 'rightHandDMG': is not a member of 'Mecha'
  c:\users\dotlaptop\desktop\cpp myrepos\cpp_programming\cpp_programming\mecha.h(8): note: see declaration of 'Mecha'
c:\users\dotlaptop\desktop\cpp myrepos\cpp_programming\cpp_programming\mecha.cpp(277): error C2039: 'leftBackCost': is not a member of 'Mecha'
  c:\users\dotlaptop\desktop\cpp myrepos\cpp_programming\cpp_programming\mecha.h(8): note: see declaration of 'Mecha'
c:\users\dotlaptop\desktop\cpp myrepos\cpp_programming\cpp_programming\mecha.cpp(286): error C2039: 'get_leftBack_weapon': is not a member of 'Mecha'
  c:\users\dotlaptop\desktop\cpp myrepos\cpp_programming\cpp_programming\mecha.h(8): note: see declaration of 'Mecha'
c:\users\dotlaptop\desktop\cpp myrepos\cpp_programming\cpp_programming\mecha.cpp(289): error C2039: 'leftBackCost': is not a member of 'Mecha'
  c:\users\dotlaptop\desktop\cpp myrepos\cpp_programming\cpp_programming\mecha.h(8): note: see declaration of 'Mecha'
c:\users\dotlaptop\desktop\cpp myrepos\cpp_programming\cpp_programming\mecha.cpp(295): error C2039: 'leftBackDMG': is not a member of 'Mecha'
  c:\users\dotlaptop\desktop\cpp myrepos\cpp_programming\cpp_programming\mecha.h(8): note: see declaration of 'Mecha'
c:\users\dotlaptop\desktop\cpp myrepos\cpp_programming\cpp_programming\mecha.cpp(303): error C2039: 'rightBackCost': is not a member of 'Mecha'
  c:\users\dotlaptop\desktop\cpp myrepos\cpp_programming\cpp_programming\mecha.h(8): note: see declaration of 'Mecha'
c:\users\dotlaptop\desktop\cpp myrepos\cpp_programming\cpp_programming\mecha.cpp(312): error C2039: 'get_rightBack_weapon': is not a member of 'Mecha'
  c:\users\dotlaptop\desktop\cpp myrepos\cpp_programming\cpp_programming\mecha.h(8): note: see declaration of 'Mecha'
c:\users\dotlaptop\desktop\cpp myrepos\cpp_programming\cpp_programming\mecha.cpp(315): error C2039: 'rightBackCost': is not a member of 'Mecha'
  c:\users\dotlaptop\desktop\cpp myrepos\cpp_programming\cpp_programming\mecha.h(8): note: see declaration of 'Mecha'
c:\users\dotlaptop\desktop\cpp myrepos\cpp_programming\cpp_programming\mecha.cpp(321): error C2039: 'rightBackDMG': is not a member of 'Mecha'
  c:\users\dotlaptop\desktop\cpp myrepos\cpp_programming\cpp_programming\mecha.h(8): note: see declaration of 'Mecha'
c:\users\dotlaptop\desktop\cpp myrepos\cpp_programming\cpp_programming\mecha.cpp(329): error C2039: 'display_stats': is not a member of 'Mecha'
  c:\users\dotlaptop\desktop\cpp myrepos\cpp_programming\cpp_programming\mecha.h(8): note: see declaration of 'Mecha'
c:\users\dotlaptop\desktop\cpp myrepos\cpp_programming\cpp_programming\mecha.cpp(394): error C2039: 'leftHandCost': is not a member of 'Mecha'
  c:\users\dotlaptop\desktop\cpp myrepos\cpp_programming\cpp_programming\mecha.h(8): note: see declaration of 'Mecha'
c:\users\dotlaptop\desktop\cpp myrepos\cpp_programming\cpp_programming\mecha.cpp(403): error C2039: 'get_leftHand_weapon': is not a member of 'Mecha'
  c:\users\dotlaptop\desktop\cpp myrepos\cpp_programming\cpp_programming\mecha.h(8): note: see declaration of 'Mecha'
c:\users\dotlaptop\desktop\cpp myrepos\cpp_programming\cpp_programming\mecha.cpp(406): error C2039: 'leftHandCost': is not a member of 'Mecha'
  c:\users\dotlaptop\desktop\cpp myrepos\cpp_programming\cpp_programming\mecha.h(8): note: see declaration of 'Mecha'
c:\users\dotlaptop\desktop\cpp myrepos\cpp_programming\cpp_programming\mecha.cpp(412): error C2039: 'leftHandDMG': is not a member of 'Mecha'
  c:\users\dotlaptop\desktop\cpp myrepos\cpp_programming\cpp_programming\mecha.h(8): note: see declaration of 'Mecha'
c:\users\dotlaptop\desktop\cpp myrepos\cpp_programming\cpp_programming\mecha.cpp(421): error C2039: 'rightHandCost': is not a member of 'Mecha'
  c:\users\dotlaptop\desktop\cpp myrepos\cpp_programming\cpp_programming\mecha.h(8): note: see declaration of 'Mecha'
c:\users\dotlaptop\desktop\cpp myrepos\cpp_programming\cpp_programming\mecha.cpp(430): error C2039: 'get_rightHand_weapon': is not a member of 'Mecha'
  c:\users\dotlaptop\desktop\cpp myrepos\cpp_programming\cpp_programming\mecha.h(8): note: see declaration of 'Mecha'
c:\users\dotlaptop\desktop\cpp myrepos\cpp_programming\cpp_programming\mecha.cpp(433): error C2039: 'rightHandCost': is not a member of 'Mecha'
  c:\users\dotlaptop\desktop\cpp myrepos\cpp_programming\cpp_programming\mecha.h(8): note: see declaration of 'Mecha'
c:\users\dotlaptop\desktop\cpp myrepos\cpp_programming\cpp_programming\mecha.cpp(439): error C2039: 'rightHandDMG': is not a member of 'Mecha'
  c:\users\dotlaptop\desktop\cpp myrepos\cpp_programming\cpp_programming\mecha.h(8): note: see declaration of 'Mecha'
c:\users\dotlaptop\desktop\cpp myrepos\cpp_programming\cpp_programming\mecha.cpp(447): error C2039: 'leftBackCost': is not a member of 'Mecha'
  c:\users\dotlaptop\desktop\cpp myrepos\cpp_programming\cpp_programming\mecha.h(8): note: see declaration of 'Mecha'
c:\users\dotlaptop\desktop\cpp myrepos\cpp_programming\cpp_programming\mecha.cpp(456): error C2039: 'get_leftBack_weapon': is not a member of 'Mecha'
  c:\users\dotlaptop\desktop\cpp myrepos\cpp_programming\cpp_programming\mecha.h(8): note: see declaration of 'Mecha'
c:\users\dotlaptop\desktop\cpp myrepos\cpp_programming\cpp_programming\mecha.cpp(459): error C2039: 'leftBackCost': is not a member of 'Mecha'
  c:\users\dotlaptop\desktop\cpp myrepos\cpp_programming\cpp_programming\mecha.h(8): note: see declaration of 'Mecha'
c:\users\dotlaptop\desktop\cpp myrepos\cpp_programming\cpp_programming\mecha.cpp(465): error C2039: 'leftBackDMG': is not a member of 'Mecha'
  c:\users\dotlaptop\desktop\cpp myrepos\cpp_programming\cpp_programming\mecha.h(8): note: see declaration of 'Mecha'
c:\users\dotlaptop\desktop\cpp myrepos\cpp_programming\cpp_programming\mecha.cpp(473): error C2039: 'rightBackCost': is not a member of 'Mecha'
  c:\users\dotlaptop\desktop\cpp myrepos\cpp_programming\cpp_programming\mecha.h(8): note: see declaration of 'Mecha'
c:\users\dotlaptop\desktop\cpp myrepos\cpp_programming\cpp_programming\mecha.cpp(482): error C2039: 'get_rightBack_weapon': is not a member of 'Mecha'
  c:\users\dotlaptop\desktop\cpp myrepos\cpp_programming\cpp_programming\mecha.h(8): note: see declaration of 'Mecha'
c:\users\dotlaptop\desktop\cpp myrepos\cpp_programming\cpp_programming\mecha.cpp(485): error C2039: 'rightBackCost': is not a member of 'Mecha'
  c:\users\dotlaptop\desktop\cpp myrepos\cpp_programming\cpp_programming\mecha.h(8): note: see declaration of 'Mecha'
c:\users\dotlaptop\desktop\cpp myrepos\cpp_programming\cpp_programming\mecha.cpp(491): error C2039: 'rightBackDMG': is not a member of 'Mecha'
  c:\users\dotlaptop\desktop\cpp myrepos\cpp_programming\cpp_programming\mecha.h(8): note: see declaration of 'Mecha'
c:\users\dotlaptop\desktop\cpp myrepos\cpp_programming\cpp_programming\mecha.cpp(499): error C2039: 'display_stats': is not a member of 'Mecha'
  c:\users\dotlaptop\desktop\cpp myrepos\cpp_programming\cpp_programming\mecha.h(8): note: see declaration of 'Mecha'
